2022-12-14 18:14:59,000 INFO  [Log] ********************* 
2022-12-14 18:14:59,001 INFO  [Log] ************************************** 
2022-12-14 18:14:59,010 INFO  [Log] ######################        My first test case is Login Test         ###################### 
2022-12-14 18:14:59,010 INFO  [Log] ********************* 
2022-12-14 18:14:59,010 INFO  [Log] ************************************** 
2022-12-14 18:14:59,010 INFO  [Log] My login test is going on 
2022-12-14 18:14:59,011 INFO  [Log] My test case might be failed 
2022-12-14 18:15:08,762 INFO  [Log] My test case is about to complete 
2022-12-14 18:15:08,762 INFO  [Log] ###################### 
2022-12-14 18:15:08,762 INFO  [Log] ################################## 
2022-12-14 18:15:08,764 INFO  [Log] ######################        This is my login test again         ###################### 
2022-12-14 18:15:08,764 INFO  [Log] ###################### 
2022-12-14 18:15:08,764 INFO  [Log] ################################## 
2022-12-17 12:30:13,408 INFO  [Log] ********************* 
2022-12-17 12:30:13,409 INFO  [Log] ************************************** 
2022-12-17 12:30:13,420 INFO  [Log] ######################        My first test case is Login Test         ###################### 
2022-12-17 12:30:13,421 INFO  [Log] ********************* 
2022-12-17 12:30:13,421 INFO  [Log] ************************************** 
2022-12-17 12:30:13,421 INFO  [Log] My login test is going on 
2022-12-17 12:30:13,421 INFO  [Log] My test case might be failed 
2022-12-17 12:30:24,797 INFO  [Log] My test case is about to complete 
2022-12-17 12:30:24,797 INFO  [Log] ###################### 
2022-12-17 12:30:24,797 INFO  [Log] ################################## 
2022-12-17 12:30:24,797 INFO  [Log] ######################        This is my login test again         ###################### 
2022-12-17 12:30:24,797 INFO  [Log] ###################### 
2022-12-17 12:30:24,797 INFO  [Log] ################################## 
2022-12-17 12:32:18,086 INFO  [Log] ********************* 
2022-12-17 12:32:18,087 INFO  [Log] ************************************** 
2022-12-17 12:32:18,094 INFO  [Log] ######################        My first test case is Login Test         ###################### 
2022-12-17 12:32:18,094 INFO  [Log] ********************* 
2022-12-17 12:32:18,094 INFO  [Log] ************************************** 
2022-12-17 12:32:18,095 INFO  [Log] My login test is going on 
2022-12-17 12:32:18,095 INFO  [Log] My test case might be failed 
2022-12-17 12:32:32,209 INFO  [Log] My test case is about to complete 
2022-12-17 12:32:32,209 INFO  [Log] ###################### 
2022-12-17 12:32:32,209 INFO  [Log] ################################## 
2022-12-17 12:32:32,210 INFO  [Log] ######################        This is my login test again         ###################### 
2022-12-17 12:32:32,210 INFO  [Log] ###################### 
2022-12-17 12:32:32,210 INFO  [Log] ################################## 
2022-12-17 12:35:43,084 INFO  [Log] ********************* 
2022-12-17 12:35:43,084 INFO  [Log] ************************************** 
2022-12-17 12:35:43,093 INFO  [Log] ######################        My first test case is Login Test         ###################### 
2022-12-17 12:35:43,093 INFO  [Log] ********************* 
2022-12-17 12:35:43,093 INFO  [Log] ************************************** 
2022-12-17 12:35:43,093 INFO  [Log] My login test is going on 
2022-12-17 12:35:43,093 INFO  [Log] My test case might be failed 
2022-12-17 12:35:54,697 INFO  [Log] My test case is about to complete 
2022-12-17 12:35:54,697 INFO  [Log] ###################### 
2022-12-17 12:35:54,697 INFO  [Log] ################################## 
2022-12-17 12:35:54,698 INFO  [Log] ######################        This is my login test again         ###################### 
2022-12-17 12:35:54,698 INFO  [Log] ###################### 
2022-12-17 12:35:54,698 INFO  [Log] ################################## 
2022-12-20 21:20:44,510 INFO  [Log] ********************* 
2022-12-20 21:20:44,510 INFO  [Log] ************************************** 
2022-12-20 21:20:44,519 INFO  [Log] ######################        My first test case is Login Test         ###################### 
2022-12-20 21:20:44,519 INFO  [Log] ********************* 
2022-12-20 21:20:44,519 INFO  [Log] ************************************** 
2022-12-20 21:20:44,519 INFO  [Log] My login test is going on 
2022-12-20 21:20:44,519 INFO  [Log] My test case might be failed 
2022-12-20 21:20:47,490 INFO  [Log] My test case is about to complete 
2022-12-20 21:20:47,490 INFO  [Log] ###################### 
2022-12-20 21:20:47,490 INFO  [Log] ################################## 
2022-12-20 21:20:47,490 INFO  [Log] ######################        This is my login test again         ###################### 
2022-12-20 21:20:47,490 INFO  [Log] ###################### 
2022-12-20 21:20:47,490 INFO  [Log] ################################## 
2022-12-28 00:20:08,236 INFO  [Log] ********************* 
2022-12-28 00:20:08,238 INFO  [Log] ************************************** 
2022-12-28 00:20:08,245 INFO  [Log] ######################        My first test case is Login Test         ###################### 
2022-12-28 00:20:08,245 INFO  [Log] ********************* 
2022-12-28 00:20:08,245 INFO  [Log] ************************************** 
2022-12-28 00:20:08,246 INFO  [Log] My login test is going on 
2022-12-28 00:20:08,247 INFO  [Log] My test case might be failed 
2022-12-28 00:20:30,899 INFO  [Log] My test case is about to complete 
2022-12-28 00:20:30,900 INFO  [Log] ###################### 
2022-12-28 00:20:30,900 INFO  [Log] ################################## 
2022-12-28 00:20:30,900 INFO  [Log] ######################        This is my login test again         ###################### 
2022-12-28 00:20:30,900 INFO  [Log] ###################### 
2022-12-28 00:20:30,900 INFO  [Log] ################################## 
2022-12-29 00:27:50,781 INFO  [Log] ********************* 
2022-12-29 00:27:50,782 INFO  [Log] ************************************** 
2022-12-29 00:27:50,788 INFO  [Log] ######################        My first test case is Login Test         ###################### 
2022-12-29 00:27:50,788 INFO  [Log] ********************* 
2022-12-29 00:27:50,788 INFO  [Log] ************************************** 
2022-12-29 00:27:50,788 INFO  [Log] My login test is going on 
2022-12-29 00:27:50,788 INFO  [Log] My test case might be failed 
2023-01-02 01:29:43,775 INFO  [Log] ********************* 
2023-01-02 01:29:43,777 INFO  [Log] ************************************** 
2023-01-02 01:29:43,787 INFO  [Log] ######################        My first test case is Login Test         ###################### 
2023-01-02 01:29:43,788 INFO  [Log] ********************* 
2023-01-02 01:29:43,788 INFO  [Log] ************************************** 
2023-01-02 01:29:43,788 INFO  [Log] My login test is going on 
2023-01-02 01:29:43,788 INFO  [Log] My test case might be failed 
2023-01-02 01:30:21,062 INFO  [Log] My test case is about to complete 
2023-01-02 01:30:21,062 INFO  [Log] ###################### 
2023-01-02 01:30:21,062 INFO  [Log] ################################## 
2023-01-02 01:30:21,063 INFO  [Log] ######################        This is my login test again         ###################### 
2023-01-02 01:30:21,063 INFO  [Log] ###################### 
2023-01-02 01:30:21,063 INFO  [Log] ################################## 
2023-02-07 01:11:12,071 INFO  [Log] ********************* 
2023-02-07 01:11:12,072 INFO  [Log] ************************************** 
2023-02-07 01:11:12,078 INFO  [Log] ######################        My first test case is Login Test         ###################### 
2023-02-07 01:11:12,079 INFO  [Log] ********************* 
2023-02-07 01:11:12,079 INFO  [Log] ************************************** 
2023-02-07 01:11:12,079 INFO  [Log] My login test is going on 
2023-02-07 01:11:12,079 INFO  [Log] My test case might be failed 
2023-02-07 01:11:53,963 INFO  [Log] My test case is about to complete 
2023-02-07 01:11:53,964 INFO  [Log] ###################### 
2023-02-07 01:11:53,964 INFO  [Log] ################################## 
2023-02-07 01:11:53,964 INFO  [Log] ######################        This is my login test again         ###################### 
2023-02-07 01:11:53,964 INFO  [Log] ###################### 
2023-02-07 01:11:53,964 INFO  [Log] ################################## 
2023-02-07 01:22:41,078 INFO  [Log] ********************* 
2023-02-07 01:22:41,080 INFO  [Log] ************************************** 
2023-02-07 01:22:41,083 INFO  [Log] ######################        My first test case is Login Test         ###################### 
2023-02-07 01:22:41,083 INFO  [Log] ********************* 
2023-02-07 01:22:41,083 INFO  [Log] ************************************** 
2023-02-07 01:22:41,083 INFO  [Log] My login test is going on 
2023-02-07 01:22:41,083 INFO  [Log] My test case might be failed 
2023-02-07 01:23:23,436 INFO  [Log] My test case is about to complete 
2023-02-07 01:23:23,436 INFO  [Log] ###################### 
2023-02-07 01:23:23,436 INFO  [Log] ################################## 
2023-02-07 01:23:23,437 INFO  [Log] ######################        This is my login test again         ###################### 
2023-02-07 01:23:23,437 INFO  [Log] ###################### 
2023-02-07 01:23:23,437 INFO  [Log] ################################## 
2023-02-07 03:35:22,047 INFO  [Log] ********************* 
2023-02-07 03:35:22,048 INFO  [Log] ************************************** 
2023-02-07 03:35:22,057 INFO  [Log] ######################        My first test case is Login Test         ###################### 
2023-02-07 03:35:22,057 INFO  [Log] ********************* 
2023-02-07 03:35:22,057 INFO  [Log] ************************************** 
2023-02-07 03:35:22,057 INFO  [Log] My login test is going on 
2023-02-07 03:35:22,057 INFO  [Log] My test case might be failed 
2023-02-07 03:36:06,177 INFO  [Log] My test case is about to complete 
2023-02-07 03:36:06,177 INFO  [Log] ###################### 
2023-02-07 03:36:06,177 INFO  [Log] ################################## 
2023-02-07 03:36:06,177 INFO  [Log] ######################        This is my login test again         ###################### 
2023-02-07 03:36:06,178 INFO  [Log] ###################### 
2023-02-07 03:36:06,178 INFO  [Log] ################################## 
2023-02-07 03:42:12,854 INFO  [Log] ********************* 
2023-02-07 03:42:12,854 INFO  [Log] ************************************** 
2023-02-07 03:42:12,864 INFO  [Log] ######################        My first test case is Login Test         ###################### 
2023-02-07 03:42:12,864 INFO  [Log] ********************* 
2023-02-07 03:42:12,864 INFO  [Log] ************************************** 
2023-02-07 03:42:12,864 INFO  [Log] My login test is going on 
2023-02-07 03:42:12,864 INFO  [Log] My test case might be failed 
2023-02-07 03:42:57,417 INFO  [Log] My test case is about to complete 
2023-02-07 03:42:57,418 INFO  [Log] ###################### 
2023-02-07 03:42:57,418 INFO  [Log] ################################## 
2023-02-07 03:42:57,418 INFO  [Log] ######################        This is my login test again         ###################### 
2023-02-07 03:42:57,418 INFO  [Log] ###################### 
2023-02-07 03:42:57,418 INFO  [Log] ################################## 
2023-02-18 14:07:53,091 INFO  [Log] ********************* 
2023-02-18 14:07:53,096 INFO  [Log] ************************************** 
2023-02-18 14:07:53,104 INFO  [Log] ######################        My first test case is Login Test         ###################### 
2023-02-18 14:07:53,104 INFO  [Log] ********************* 
2023-02-18 14:07:53,104 INFO  [Log] ************************************** 
2023-02-18 14:07:53,104 INFO  [Log] My login test is going on 
2023-02-18 14:07:53,104 INFO  [Log] My test case might be failed 
2023-02-18 14:07:53,436 INFO  [Log] My test case is about to complete 
2023-02-18 14:07:53,436 INFO  [Log] ###################### 
2023-02-18 14:07:53,436 INFO  [Log] ################################## 
2023-02-18 14:07:53,437 INFO  [Log] ######################        This is my login test again         ###################### 
2023-02-18 14:07:53,437 INFO  [Log] ###################### 
2023-02-18 14:07:53,437 INFO  [Log] ################################## 
2023-02-18 14:51:45,645 INFO  [Log] ********************* 
2023-02-18 14:51:45,645 INFO  [Log] ************************************** 
2023-02-18 14:51:45,649 INFO  [Log] ######################        My first test case is Login Test         ###################### 
2023-02-18 14:51:45,649 INFO  [Log] ********************* 
2023-02-18 14:51:45,649 INFO  [Log] ************************************** 
2023-02-18 14:51:45,649 INFO  [Log] My login test is going on 
2023-02-18 14:51:45,649 INFO  [Log] My test case might be failed 
2023-02-18 14:51:49,034 INFO  [Log] My test case is about to complete 
2023-02-18 14:51:49,034 INFO  [Log] ###################### 
2023-02-18 14:51:49,034 INFO  [Log] ################################## 
2023-02-18 14:51:49,035 INFO  [Log] ######################        This is my login test again         ###################### 
2023-02-18 14:51:49,035 INFO  [Log] ###################### 
2023-02-18 14:51:49,035 INFO  [Log] ################################## 
2023-02-19 02:24:28,034 INFO  [Log] ********************* 
2023-02-19 02:24:28,034 INFO  [Log] ************************************** 
2023-02-19 02:24:28,042 INFO  [Log] ######################        My first test case is Login Test         ###################### 
2023-02-19 02:24:28,042 INFO  [Log] ********************* 
2023-02-19 02:24:28,042 INFO  [Log] ************************************** 
2023-02-19 02:24:28,043 INFO  [Log] My login test is going on 
2023-02-19 02:24:28,043 INFO  [Log] My test case might be failed 
2023-02-19 04:06:02,756 INFO  [Log] ********************* 
2023-02-19 04:06:02,757 INFO  [Log] ************************************** 
2023-02-19 04:06:02,766 INFO  [Log] ######################        My first test case is Login Test         ###################### 
2023-02-19 04:06:02,767 INFO  [Log] ********************* 
2023-02-19 04:06:02,767 INFO  [Log] ************************************** 
2023-02-19 04:06:02,767 INFO  [Log] My login test is going on 
2023-02-19 04:06:02,767 INFO  [Log] My test case might be failed 
2023-03-04 23:08:48,707 INFO  [Log] ********************* 
2023-03-04 23:08:48,708 INFO  [Log] ************************************** 
2023-03-04 23:08:48,715 INFO  [Log] ######################        My first test case is Login Test         ###################### 
2023-03-04 23:08:48,715 INFO  [Log] ********************* 
2023-03-04 23:08:48,716 INFO  [Log] ************************************** 
2023-03-04 23:08:48,716 INFO  [Log] My login test is going on 
2023-03-04 23:08:48,716 INFO  [Log] My test case might be failed 
2023-03-04 23:09:33,967 INFO  [Log] My test case is about to complete 
2023-03-04 23:09:33,967 INFO  [Log] ###################### 
2023-03-04 23:09:33,967 INFO  [Log] ################################## 
2023-03-04 23:09:33,968 INFO  [Log] ######################        This is my login test again         ###################### 
2023-03-04 23:09:33,968 INFO  [Log] ###################### 
2023-03-04 23:09:33,968 INFO  [Log] ################################## 
2023-03-04 23:13:49,572 INFO  [Log] ********************* 
2023-03-04 23:13:49,573 INFO  [Log] ************************************** 
2023-03-04 23:13:49,579 INFO  [Log] ######################        My first test case is Login Test         ###################### 
2023-03-04 23:13:49,579 INFO  [Log] ********************* 
2023-03-04 23:13:49,579 INFO  [Log] ************************************** 
2023-03-04 23:13:49,579 INFO  [Log] My login test is going on 
2023-03-04 23:13:49,579 INFO  [Log] My test case might be failed 
2023-03-04 23:14:34,003 INFO  [Log] My test case is about to complete 
2023-03-04 23:14:34,003 INFO  [Log] ###################### 
2023-03-04 23:14:34,003 INFO  [Log] ################################## 
2023-03-04 23:14:34,004 INFO  [Log] ######################        This is my login test again         ###################### 
2023-03-04 23:14:34,005 INFO  [Log] ###################### 
2023-03-04 23:14:34,005 INFO  [Log] ################################## 
2023-03-04 23:21:05,972 INFO  [Log] ********************* 
2023-03-04 23:21:05,973 INFO  [Log] ************************************** 
2023-03-04 23:21:05,984 INFO  [Log] ######################        My first test case is Login Test         ###################### 
2023-03-04 23:21:05,984 INFO  [Log] ********************* 
2023-03-04 23:21:05,984 INFO  [Log] ************************************** 
2023-03-04 23:21:05,984 INFO  [Log] My login test is going on 
2023-03-04 23:21:05,984 INFO  [Log] My test case might be failed 
2023-03-04 23:21:51,385 INFO  [Log] My test case is about to complete 
2023-03-04 23:21:51,385 INFO  [Log] ###################### 
2023-03-04 23:21:51,385 INFO  [Log] ################################## 
2023-03-04 23:21:51,385 INFO  [Log] ######################        This is my login test again         ###################### 
2023-03-04 23:21:51,385 INFO  [Log] ###################### 
2023-03-04 23:21:51,385 INFO  [Log] ################################## 
2023-03-04 23:22:48,505 INFO  [Log] ********************* 
2023-03-04 23:22:48,505 INFO  [Log] ************************************** 
2023-03-04 23:22:48,514 INFO  [Log] ######################        My first test case is Login Test         ###################### 
2023-03-04 23:22:48,514 INFO  [Log] ********************* 
2023-03-04 23:22:48,514 INFO  [Log] ************************************** 
2023-03-04 23:22:48,514 INFO  [Log] My login test is going on 
2023-03-04 23:22:48,514 INFO  [Log] My test case might be failed 
2023-03-04 23:23:32,830 INFO  [Log] My test case is about to complete 
2023-03-04 23:23:32,830 INFO  [Log] ###################### 
2023-03-04 23:23:32,830 INFO  [Log] ################################## 
2023-03-04 23:23:32,831 INFO  [Log] ######################        This is my login test again         ###################### 
2023-03-04 23:23:32,831 INFO  [Log] ###################### 
2023-03-04 23:23:32,831 INFO  [Log] ################################## 
